%6|1732017360.885|GETSUBSCRIPTIONS|stock-host#consumer-1| [thrd:main]: Telemetry client instance id changed from AAAAAAAAAAAAAAAAAAAAAA to GGn+wssoRsOGty58LfxwYQ
%6|1732209034.365|FAIL|stock-host#consumer-1| [thrd:sasl_ssl://b0-pkc-ldvr1.asia-southeast1.gcp.confluent.cloud:909]: sasl_ssl://b0-pkc-ldvr1.asia-southeast1.gcp.confluent.cloud:9092/0: Disconnected (after 191666263ms in state UP)
%6|1732209527.794|FAIL|stock-host#consumer-1| [thrd:sasl_ssl://b3-pkc-ldvr1.asia-southeast1.gcp.confluent.cloud:909]: sasl_ssl://b3-pkc-ldvr1.asia-southeast1.gcp.confluent.cloud:9092/3: Disconnected (after 189392151ms in state UP)
%6|1732210673.041|FAIL|stock-host#consumer-1| [thrd:sasl_ssl://b4-pkc-ldvr1.asia-southeast1.gcp.confluent.cloud:909]: sasl_ssl://b4-pkc-ldvr1.asia-southeast1.gcp.confluent.cloud:9092/4: Disconnected (after 190537402ms in state UP)
%6|1732211130.051|FAIL|stock-host#consumer-1| [thrd:sasl_ssl://b2-pkc-ldvr1.asia-southeast1.gcp.confluent.cloud:909]: sasl_ssl://b2-pkc-ldvr1.asia-southeast1.gcp.confluent.cloud:9092/2: Disconnected (after 193761945ms in state UP)
%4|1732211586.629|FAIL|stock-host#consumer-1| [thrd:sasl_ssl://b0-pkc-ldvr1.asia-southeast1.gcp.confluent.cloud:909]: sasl_ssl://b0-pkc-ldvr1.asia-southeast1.gcp.confluent.cloud:9092/0: Disconnected (after 2177294ms in state UP, 1 identical error(s) suppressed)
%6|1732211591.686|FAIL|stock-host#consumer-1| [thrd:sasl_ssl://b5-pkc-ldvr1.asia-southeast1.gcp.confluent.cloud:909]: sasl_ssl://b5-pkc-ldvr1.asia-southeast1.gcp.confluent.cloud:9092/5: Disconnected (after 191456046ms in state UP)
%4|1732212226.338|FAIL|stock-host#consumer-1| [thrd:sasl_ssl://b2-pkc-ldvr1.asia-southeast1.gcp.confluent.cloud:909]: sasl_ssl://b2-pkc-ldvr1.asia-southeast1.gcp.confluent.cloud:9092/2: Disconnected (after 762525ms in state UP, 1 identical error(s) suppressed)
%4|1732212869.101|FAIL|stock-host#consumer-1| [thrd:sasl_ssl://b3-pkc-ldvr1.asia-southeast1.gcp.confluent.cloud:909]: sasl_ssl://b3-pkc-ldvr1.asia-southeast1.gcp.confluent.cloud:9092/3: Disconnected (after 3012600ms in state UP, 1 identical error(s) suppressed)
%4|1732213472.909|FAIL|stock-host#consumer-1| [thrd:sasl_ssl://b3-pkc-ldvr1.asia-southeast1.gcp.confluent.cloud:909]: sasl_ssl://b3-pkc-ldvr1.asia-southeast1.gcp.confluent.cloud:9092/3: Disconnected (after 602327ms in state UP, 1 identical error(s) suppressed)
%4|1732214091.822|FAIL|stock-host#consumer-1| [thrd:sasl_ssl://b1-pkc-ldvr1.asia-southeast1.gcp.confluent.cloud:909]: sasl_ssl://b1-pkc-ldvr1.asia-southeast1.gcp.confluent.cloud:9092/1: Disconnected (after 3592372ms in state UP, 1 identical error(s) suppressed)
%4|1732214647.392|FAIL|stock-host#consumer-1| [thrd:sasl_ssl://b5-pkc-ldvr1.asia-southeast1.gcp.confluent.cloud:909]: sasl_ssl://b5-pkc-ldvr1.asia-southeast1.gcp.confluent.cloud:9092/5: Disconnected (after 2647919ms in state UP, 1 identical error(s) suppressed)
%4|1732215208.858|FAIL|stock-host#consumer-1| [thrd:sasl_ssl://b1-pkc-ldvr1.asia-southeast1.gcp.confluent.cloud:909]: sasl_ssl://b1-pkc-ldvr1.asia-southeast1.gcp.confluent.cloud:9092/1: Disconnected (after 1115557ms in state UP, 1 identical error(s) suppressed)
%6|1732215794.974|FAIL|stock-host#consumer-1| [thrd:sasl_ssl://b1-pkc-ldvr1.asia-southeast1.gcp.confluent.cloud:909]: sasl_ssl://b1-pkc-ldvr1.asia-southeast1.gcp.confluent.cloud:9092/1: Disconnected (after 584632ms in state UP, 1 identical error(s) suppressed)
%6|1732216386.738|FAIL|stock-host#consumer-1| [thrd:sasl_ssl://b5-pkc-ldvr1.asia-southeast1.gcp.confluent.cloud:909]: sasl_ssl://b5-pkc-ldvr1.asia-southeast1.gcp.confluent.cloud:9092/5: Disconnected (after 1737852ms in state UP, 1 identical error(s) suppressed)
%4|1732217029.208|FAIL|stock-host#consumer-1| [thrd:sasl_ssl://b5-pkc-ldvr1.asia-southeast1.gcp.confluent.cloud:909]: sasl_ssl://b5-pkc-ldvr1.asia-southeast1.gcp.confluent.cloud:9092/5: Disconnected (after 640977ms in state UP, 1 identical error(s) suppressed)
%4|1732217597.257|FAIL|stock-host#consumer-1| [thrd:sasl_ssl://b2-pkc-ldvr1.asia-southeast1.gcp.confluent.cloud:909]: sasl_ssl://b2-pkc-ldvr1.asia-southeast1.gcp.confluent.cloud:9092/2: Disconnected (after 5369423ms in state UP, 1 identical error(s) suppressed)
%4|1732218252.373|FAIL|stock-host#consumer-1| [thrd:sasl_ssl://b4-pkc-ldvr1.asia-southeast1.gcp.confluent.cloud:909]: sasl_ssl://b4-pkc-ldvr1.asia-southeast1.gcp.confluent.cloud:9092/4: Disconnected (after 7166981ms in state UP, 1 identical error(s) suppressed)
%4|1732218913.752|FAIL|stock-host#consumer-1| [thrd:sasl_ssl://b2-pkc-ldvr1.asia-southeast1.gcp.confluent.cloud:909]: sasl_ssl://b2-pkc-ldvr1.asia-southeast1.gcp.confluent.cloud:9092/2: Disconnected (after 1315019ms in state UP, 1 identical error(s) suppressed)
%4|1732219553.226|FAIL|stock-host#consumer-1| [thrd:sasl_ssl://b3-pkc-ldvr1.asia-southeast1.gcp.confluent.cloud:909]: sasl_ssl://b3-pkc-ldvr1.asia-southeast1.gcp.confluent.cloud:9092/3: Disconnected (after 6078810ms in state UP, 1 identical error(s) suppressed)
%4|1732220186.750|FAIL|stock-host#consumer-1| [thrd:sasl_ssl://b4-pkc-ldvr1.asia-southeast1.gcp.confluent.cloud:909]: sasl_ssl://b4-pkc-ldvr1.asia-southeast1.gcp.confluent.cloud:9092/4: Disconnected (after 1932888ms in state UP, 1 identical error(s) suppressed)
%4|1732220823.671|FAIL|stock-host#consumer-1| [thrd:sasl_ssl://b5-pkc-ldvr1.asia-southeast1.gcp.confluent.cloud:909]: sasl_ssl://b5-pkc-ldvr1.asia-southeast1.gcp.confluent.cloud:9092/5: Disconnected (after 3792972ms in state UP, 1 identical error(s) suppressed)
%4|1732221388.318|FAIL|stock-host#consumer-1| [thrd:sasl_ssl://b2-pkc-ldvr1.asia-southeast1.gcp.confluent.cloud:909]: sasl_ssl://b2-pkc-ldvr1.asia-southeast1.gcp.confluent.cloud:9092/2: Disconnected (after 2473028ms in state UP, 1 identical error(s) suppressed)
%4|1732222006.984|FAIL|stock-host#consumer-1| [thrd:sasl_ssl://b5-pkc-ldvr1.asia-southeast1.gcp.confluent.cloud:909]: sasl_ssl://b5-pkc-ldvr1.asia-southeast1.gcp.confluent.cloud:9092/5: Disconnected (after 1181811ms in state UP, 1 identical error(s) suppressed)
%4|1732222667.750|FAIL|stock-host#consumer-1| [thrd:sasl_ssl://b0-pkc-ldvr1.asia-southeast1.gcp.confluent.cloud:909]: sasl_ssl://b0-pkc-ldvr1.asia-southeast1.gcp.confluent.cloud:9092/0: Disconnected (after 11079623ms in state UP, 1 identical error(s) suppressed)
%4|1732223307.827|FAIL|stock-host#consumer-1| [thrd:sasl_ssl://b5-pkc-ldvr1.asia-southeast1.gcp.confluent.cloud:909]: sasl_ssl://b5-pkc-ldvr1.asia-southeast1.gcp.confluent.cloud:9092/5: Disconnected (after 1299432ms in state UP, 1 identical error(s) suppressed)
%4|1732223872.298|FAIL|stock-host#consumer-1| [thrd:sasl_ssl://b3-pkc-ldvr1.asia-southeast1.gcp.confluent.cloud:909]: sasl_ssl://b3-pkc-ldvr1.asia-southeast1.gcp.confluent.cloud:9092/3: Disconnected (after 4317666ms in state UP, 1 identical error(s) suppressed)
%4|1732224418.770|FAIL|stock-host#consumer-1| [thrd:sasl_ssl://b5-pkc-ldvr1.asia-southeast1.gcp.confluent.cloud:909]: sasl_ssl://b5-pkc-ldvr1.asia-southeast1.gcp.confluent.cloud:9092/5: Disconnected (after 1109450ms in state UP, 1 identical error(s) suppressed)
%4|1732224998.874|FAIL|stock-host#consumer-1| [thrd:sasl_ssl://b2-pkc-ldvr1.asia-southeast1.gcp.confluent.cloud:909]: sasl_ssl://b2-pkc-ldvr1.asia-southeast1.gcp.confluent.cloud:9092/2: Disconnected (after 3609154ms in state UP, 1 identical error(s) suppressed)
%4|1732225614.811|FAIL|stock-host#consumer-1| [thrd:sasl_ssl://b0-pkc-ldvr1.asia-southeast1.gcp.confluent.cloud:909]: sasl_ssl://b0-pkc-ldvr1.asia-southeast1.gcp.confluent.cloud:9092/0: Disconnected (after 2945570ms in state UP, 1 identical error(s) suppressed)
%4|1732226251.548|FAIL|stock-host#consumer-1| [thrd:sasl_ssl://b1-pkc-ldvr1.asia-southeast1.gcp.confluent.cloud:909]: sasl_ssl://b1-pkc-ldvr1.asia-southeast1.gcp.confluent.cloud:9092/1: Disconnected (after 10455066ms in state UP, 1 identical error(s) suppressed)
%4|1732226909.082|FAIL|stock-host#consumer-1| [thrd:sasl_ssl://b3-pkc-ldvr1.asia-southeast1.gcp.confluent.cloud:909]: sasl_ssl://b3-pkc-ldvr1.asia-southeast1.gcp.confluent.cloud:9092/3: Disconnected (after 3035308ms in state UP, 1 identical error(s) suppressed)
%4|1732227545.999|FAIL|stock-host#consumer-1| [thrd:sasl_ssl://b5-pkc-ldvr1.asia-southeast1.gcp.confluent.cloud:909]: sasl_ssl://b5-pkc-ldvr1.asia-southeast1.gcp.confluent.cloud:9092/5: Disconnected (after 3125729ms in state UP, 1 identical error(s) suppressed)
%4|1732228186.434|FAIL|stock-host#consumer-1| [thrd:sasl_ssl://b0-pkc-ldvr1.asia-southeast1.gcp.confluent.cloud:909]: sasl_ssl://b0-pkc-ldvr1.asia-southeast1.gcp.confluent.cloud:9092/0: Disconnected (after 2570140ms in state UP, 1 identical error(s) suppressed)
%4|1732228844.220|FAIL|stock-host#consumer-1| [thrd:sasl_ssl://b3-pkc-ldvr1.asia-southeast1.gcp.confluent.cloud:909]: sasl_ssl://b3-pkc-ldvr1.asia-southeast1.gcp.confluent.cloud:9092/3: Disconnected (after 1933632ms in state UP, 1 identical error(s) suppressed)
%4|1732229495.754|FAIL|stock-host#consumer-1| [thrd:sasl_ssl://b4-pkc-ldvr1.asia-southeast1.gcp.confluent.cloud:909]: sasl_ssl://b4-pkc-ldvr1.asia-southeast1.gcp.confluent.cloud:9092/4: Disconnected (after 9307594ms in state UP, 1 identical error(s) suppressed)
%4|1732230105.633|FAIL|stock-host#consumer-1| [thrd:sasl_ssl://b0-pkc-ldvr1.asia-southeast1.gcp.confluent.cloud:909]: sasl_ssl://b0-pkc-ldvr1.asia-southeast1.gcp.confluent.cloud:9092/0: Disconnected (after 1917698ms in state UP, 1 identical error(s) suppressed)
%4|1732230763.713|FAIL|stock-host#consumer-1| [thrd:sasl_ssl://b5-pkc-ldvr1.asia-southeast1.gcp.confluent.cloud:909]: sasl_ssl://b5-pkc-ldvr1.asia-southeast1.gcp.confluent.cloud:9092/5: Disconnected (after 3216213ms in state UP, 1 identical error(s) suppressed)
%4|1732231316.254|FAIL|stock-host#consumer-1| [thrd:sasl_ssl://b0-pkc-ldvr1.asia-southeast1.gcp.confluent.cloud:909]: sasl_ssl://b0-pkc-ldvr1.asia-southeast1.gcp.confluent.cloud:9092/0: Disconnected (after 1209130ms in state UP, 1 identical error(s) suppressed)
%4|1732231911.136|FAIL|stock-host#consumer-1| [thrd:sasl_ssl://b2-pkc-ldvr1.asia-southeast1.gcp.confluent.cloud:909]: sasl_ssl://b2-pkc-ldvr1.asia-southeast1.gcp.confluent.cloud:9092/2: Disconnected (after 6910848ms in state UP, 1 identical error(s) suppressed)
%4|1732232521.136|FAIL|stock-host#consumer-1| [thrd:sasl_ssl://b4-pkc-ldvr1.asia-southeast1.gcp.confluent.cloud:909]: sasl_ssl://b4-pkc-ldvr1.asia-southeast1.gcp.confluent.cloud:9092/4: Disconnected (after 3023898ms in state UP, 1 identical error(s) suppressed)
%4|1732233064.926|FAIL|stock-host#consumer-1| [thrd:sasl_ssl://b4-pkc-ldvr1.asia-southeast1.gcp.confluent.cloud:909]: sasl_ssl://b4-pkc-ldvr1.asia-southeast1.gcp.confluent.cloud:9092/4: Disconnected (after 542363ms in state UP, 1 identical error(s) suppressed)
%4|1732233654.026|FAIL|stock-host#consumer-1| [thrd:sasl_ssl://b3-pkc-ldvr1.asia-southeast1.gcp.confluent.cloud:909]: sasl_ssl://b3-pkc-ldvr1.asia-southeast1.gcp.confluent.cloud:9092/3: Disconnected (after 4808326ms in state UP, 1 identical error(s) suppressed)
%4|1732234296.495|FAIL|stock-host#consumer-1| [thrd:sasl_ssl://b1-pkc-ldvr1.asia-southeast1.gcp.confluent.cloud:909]: sasl_ssl://b1-pkc-ldvr1.asia-southeast1.gcp.confluent.cloud:9092/1: Disconnected (after 8043446ms in state UP, 1 identical error(s) suppressed)
%6|1732234906.233|FAIL|stock-host#consumer-1| [thrd:sasl_ssl://b3-pkc-ldvr1.asia-southeast1.gcp.confluent.cloud:909]: sasl_ssl://b3-pkc-ldvr1.asia-southeast1.gcp.confluent.cloud:9092/3: Disconnected (after 1250740ms in state UP, 1 identical error(s) suppressed)
%4|1732235564.030|FAIL|stock-host#consumer-1| [thrd:sasl_ssl://b0-pkc-ldvr1.asia-southeast1.gcp.confluent.cloud:909]: sasl_ssl://b0-pkc-ldvr1.asia-southeast1.gcp.confluent.cloud:9092/0: Disconnected (after 4246298ms in state UP, 1 identical error(s) suppressed)
%4|1732236167.801|FAIL|stock-host#consumer-1| [thrd:sasl_ssl://b1-pkc-ldvr1.asia-southeast1.gcp.confluent.cloud:909]: sasl_ssl://b1-pkc-ldvr1.asia-southeast1.gcp.confluent.cloud:9092/1: Disconnected (after 1869915ms in state UP, 1 identical error(s) suppressed)
%4|1732236822.527|FAIL|stock-host#consumer-1| [thrd:sasl_ssl://b4-pkc-ldvr1.asia-southeast1.gcp.confluent.cloud:909]: sasl_ssl://b4-pkc-ldvr1.asia-southeast1.gcp.confluent.cloud:9092/4: Disconnected (after 3756114ms in state UP, 1 identical error(s) suppressed)
%4|1732237462.000|FAIL|stock-host#consumer-1| [thrd:sasl_ssl://b0-pkc-ldvr1.asia-southeast1.gcp.confluent.cloud:909]: sasl_ssl://b0-pkc-ldvr1.asia-southeast1.gcp.confluent.cloud:9092/0: Disconnected (after 1896466ms in state UP, 1 identical error(s) suppressed)
%4|1732238074.795|FAIL|stock-host#consumer-1| [thrd:sasl_ssl://b5-pkc-ldvr1.asia-southeast1.gcp.confluent.cloud:909]: sasl_ssl://b5-pkc-ldvr1.asia-southeast1.gcp.confluent.cloud:9092/5: Disconnected (after 7309570ms in state UP, 1 identical error(s) suppressed)
%4|1732238717.261|FAIL|stock-host#consumer-1| [thrd:sasl_ssl://b4-pkc-ldvr1.asia-southeast1.gcp.confluent.cloud:909]: sasl_ssl://b4-pkc-ldvr1.asia-southeast1.gcp.confluent.cloud:9092/4: Disconnected (after 1893241ms in state UP, 1 identical error(s) suppressed)
%4|1732239285.080|FAIL|stock-host#consumer-1| [thrd:sasl_ssl://b0-pkc-ldvr1.asia-southeast1.gcp.confluent.cloud:909]: sasl_ssl://b0-pkc-ldvr1.asia-southeast1.gcp.confluent.cloud:9092/0: Disconnected (after 1821589ms in state UP, 1 identical error(s) suppressed)
%4|1732239868.262|FAIL|stock-host#consumer-1| [thrd:sasl_ssl://b3-pkc-ldvr1.asia-southeast1.gcp.confluent.cloud:909]: sasl_ssl://b3-pkc-ldvr1.asia-southeast1.gcp.confluent.cloud:9092/3: Disconnected (after 4960648ms in state UP, 1 identical error(s) suppressed)
%4|1732240487.292|FAIL|stock-host#consumer-1| [thrd:sasl_ssl://b2-pkc-ldvr1.asia-southeast1.gcp.confluent.cloud:909]: sasl_ssl://b2-pkc-ldvr1.asia-southeast1.gcp.confluent.cloud:9092/2: Disconnected (after 8574679ms in state UP, 1 identical error(s) suppressed)
%4|1732241109.528|FAIL|stock-host#consumer-1| [thrd:sasl_ssl://b5-pkc-ldvr1.asia-southeast1.gcp.confluent.cloud:909]: sasl_ssl://b5-pkc-ldvr1.asia-southeast1.gcp.confluent.cloud:9092/5: Disconnected (after 3033272ms in state UP, 1 identical error(s) suppressed)
%4|1732241707.618|FAIL|stock-host#consumer-1| [thrd:sasl_ssl://b5-pkc-ldvr1.asia-southeast1.gcp.confluent.cloud:909]: sasl_ssl://b5-pkc-ldvr1.asia-southeast1.gcp.confluent.cloud:9092/5: Disconnected (after 596631ms in state UP, 1 identical error(s) suppressed)
%4|1732242263.165|FAIL|stock-host#consumer-1| [thrd:sasl_ssl://b1-pkc-ldvr1.asia-southeast1.gcp.confluent.cloud:909]: sasl_ssl://b1-pkc-ldvr1.asia-southeast1.gcp.confluent.cloud:9092/1: Disconnected (after 6093908ms in state UP, 1 identical error(s) suppressed)
%4|1732242828.003|FAIL|stock-host#consumer-1| [thrd:sasl_ssl://b3-pkc-ldvr1.asia-southeast1.gcp.confluent.cloud:909]: sasl_ssl://b3-pkc-ldvr1.asia-southeast1.gcp.confluent.cloud:9092/3: Disconnected (after 2958275ms in state UP, 1 identical error(s) suppressed)
%4|1732243410.656|FAIL|stock-host#consumer-1| [thrd:sasl_ssl://b1-pkc-ldvr1.asia-southeast1.gcp.confluent.cloud:909]: sasl_ssl://b1-pkc-ldvr1.asia-southeast1.gcp.confluent.cloud:9092/1: Disconnected (after 1146000ms in state UP, 1 identical error(s) suppressed)
%4|1732244017.304|FAIL|stock-host#consumer-1| [thrd:sasl_ssl://b1-pkc-ldvr1.asia-southeast1.gcp.confluent.cloud:909]: sasl_ssl://b1-pkc-ldvr1.asia-southeast1.gcp.confluent.cloud:9092/1: Disconnected (after 605202ms in state UP, 1 identical error(s) suppressed)
%6|1732244624.474|FAIL|stock-host#consumer-1| [thrd:sasl_ssl://b0-pkc-ldvr1.asia-southeast1.gcp.confluent.cloud:909]: sasl_ssl://b0-pkc-ldvr1.asia-southeast1.gcp.confluent.cloud:9092/0: Disconnected (after 5337914ms in state UP, 1 identical error(s) suppressed)
%4|1732245270.247|FAIL|stock-host#consumer-1| [thrd:sasl_ssl://b2-pkc-ldvr1.asia-southeast1.gcp.confluent.cloud:909]: sasl_ssl://b2-pkc-ldvr1.asia-southeast1.gcp.confluent.cloud:9092/2: Disconnected (after 4781472ms in state UP, 1 identical error(s) suppressed)
%4|1732245882.980|FAIL|stock-host#consumer-1| [thrd:sasl_ssl://b5-pkc-ldvr1.asia-southeast1.gcp.confluent.cloud:909]: sasl_ssl://b5-pkc-ldvr1.asia-southeast1.gcp.confluent.cloud:9092/5: Disconnected (after 4173900ms in state UP, 1 identical error(s) suppressed)
%4|1732246471.443|FAIL|stock-host#consumer-1| [thrd:sasl_ssl://b0-pkc-ldvr1.asia-southeast1.gcp.confluent.cloud:909]: sasl_ssl://b0-pkc-ldvr1.asia-southeast1.gcp.confluent.cloud:9092/0: Disconnected (after 1845477ms in state UP, 1 identical error(s) suppressed)
%4|1732247084.253|FAIL|stock-host#consumer-1| [thrd:sasl_ssl://b1-pkc-ldvr1.asia-southeast1.gcp.confluent.cloud:909]: sasl_ssl://b1-pkc-ldvr1.asia-southeast1.gcp.confluent.cloud:9092/1: Disconnected (after 3065487ms in state UP, 1 identical error(s) suppressed)
%4|1732247652.352|FAIL|stock-host#consumer-1| [thrd:sasl_ssl://b3-pkc-ldvr1.asia-southeast1.gcp.confluent.cloud:909]: sasl_ssl://b3-pkc-ldvr1.asia-southeast1.gcp.confluent.cloud:9092/3: Disconnected (after 4822831ms in state UP, 1 identical error(s) suppressed)
%4|1732248235.323|FAIL|stock-host#consumer-1| [thrd:sasl_ssl://b1-pkc-ldvr1.asia-southeast1.gcp.confluent.cloud:909]: sasl_ssl://b1-pkc-ldvr1.asia-southeast1.gcp.confluent.cloud:9092/1: Disconnected (after 1149588ms in state UP, 1 identical error(s) suppressed)
%4|1732248812.211|FAIL|stock-host#consumer-1| [thrd:sasl_ssl://b4-pkc-ldvr1.asia-southeast1.gcp.confluent.cloud:909]: sasl_ssl://b4-pkc-ldvr1.asia-southeast1.gcp.confluent.cloud:9092/4: Disconnected (after 10093496ms in state UP, 1 identical error(s) suppressed)
%4|1732249367.816|FAIL|stock-host#consumer-1| [thrd:sasl_ssl://b1-pkc-ldvr1.asia-southeast1.gcp.confluent.cloud:909]: sasl_ssl://b1-pkc-ldvr1.asia-southeast1.gcp.confluent.cloud:9092/1: Disconnected (after 1131027ms in state UP, 1 identical error(s) suppressed)
%4|1732249947.281|FAIL|stock-host#consumer-1| [thrd:sasl_ssl://b0-pkc-ldvr1.asia-southeast1.gcp.confluent.cloud:909]: sasl_ssl://b0-pkc-ldvr1.asia-southeast1.gcp.confluent.cloud:9092/0: Disconnected (after 3474351ms in state UP, 1 identical error(s) suppressed)
%4|1732250605.435|FAIL|stock-host#consumer-1| [thrd:sasl_ssl://b4-pkc-ldvr1.asia-southeast1.gcp.confluent.cloud:909]: sasl_ssl://b4-pkc-ldvr1.asia-southeast1.gcp.confluent.cloud:9092/4: Disconnected (after 1791741ms in state UP, 1 identical error(s) suppressed)
%6|1732251176.421|FAIL|stock-host#consumer-1| [thrd:sasl_ssl://b5-pkc-ldvr1.asia-southeast1.gcp.confluent.cloud:909]: sasl_ssl://b5-pkc-ldvr1.asia-southeast1.gcp.confluent.cloud:9092/5: Disconnected (after 5291962ms in state UP, 1 identical error(s) suppressed)
%4|1732251744.165|FAIL|stock-host#consumer-1| [thrd:sasl_ssl://b0-pkc-ldvr1.asia-southeast1.gcp.confluent.cloud:909]: sasl_ssl://b0-pkc-ldvr1.asia-southeast1.gcp.confluent.cloud:9092/0: Disconnected (after 1795417ms in state UP, 1 identical error(s) suppressed)
%4|1732252359.633|FAIL|stock-host#consumer-1| [thrd:sasl_ssl://b4-pkc-ldvr1.asia-southeast1.gcp.confluent.cloud:909]: sasl_ssl://b4-pkc-ldvr1.asia-southeast1.gcp.confluent.cloud:9092/4: Disconnected (after 1752745ms in state UP, 1 identical error(s) suppressed)
%4|1732252945.773|FAIL|stock-host#consumer-1| [thrd:sasl_ssl://b3-pkc-ldvr1.asia-southeast1.gcp.confluent.cloud:909]: sasl_ssl://b3-pkc-ldvr1.asia-southeast1.gcp.confluent.cloud:9092/3: Disconnected (after 5291959ms in state UP, 1 identical error(s) suppressed)
%4|1732253546.452|FAIL|stock-host#consumer-1| [thrd:sasl_ssl://b1-pkc-ldvr1.asia-southeast1.gcp.confluent.cloud:909]: sasl_ssl://b1-pkc-ldvr1.asia-southeast1.gcp.confluent.cloud:9092/1: Disconnected (after 4177183ms in state UP, 1 identical error(s) suppressed)
%6|1732254207.193|FAIL|stock-host#consumer-1| [thrd:sasl_ssl://b4-pkc-ldvr1.asia-southeast1.gcp.confluent.cloud:909]: sasl_ssl://b4-pkc-ldvr1.asia-southeast1.gcp.confluent.cloud:9092/4: Disconnected (after 1846095ms in state UP, 1 identical error(s) suppressed)
%4|1732254835.457|FAIL|stock-host#consumer-1| [thrd:sasl_ssl://b0-pkc-ldvr1.asia-southeast1.gcp.confluent.cloud:909]: sasl_ssl://b0-pkc-ldvr1.asia-southeast1.gcp.confluent.cloud:9092/0: Disconnected (after 3089799ms in state UP, 1 identical error(s) suppressed)
%4|1732255406.392|FAIL|stock-host#consumer-1| [thrd:sasl_ssl://b1-pkc-ldvr1.asia-southeast1.gcp.confluent.cloud:909]: sasl_ssl://b1-pkc-ldvr1.asia-southeast1.gcp.confluent.cloud:9092/1: Disconnected (after 1858458ms in state UP, 1 identical error(s) suppressed)
%4|1732255949.922|FAIL|stock-host#consumer-1| [thrd:sasl_ssl://b2-pkc-ldvr1.asia-southeast1.gcp.confluent.cloud:909]: sasl_ssl://b2-pkc-ldvr1.asia-southeast1.gcp.confluent.cloud:9092/2: Disconnected (after 10678226ms in state UP, 1 identical error(s) suppressed)
%4|1732256556.657|FAIL|stock-host#consumer-1| [thrd:sasl_ssl://b3-pkc-ldvr1.asia-southeast1.gcp.confluent.cloud:909]: sasl_ssl://b3-pkc-ldvr1.asia-southeast1.gcp.confluent.cloud:9092/3: Disconnected (after 3609416ms in state UP, 1 identical error(s) suppressed)
%4|1732257109.494|FAIL|stock-host#consumer-1| [thrd:sasl_ssl://b1-pkc-ldvr1.asia-southeast1.gcp.confluent.cloud:909]: sasl_ssl://b1-pkc-ldvr1.asia-southeast1.gcp.confluent.cloud:9092/1: Disconnected (after 1701638ms in state UP, 1 identical error(s) suppressed)
%4|1732257701.345|FAIL|stock-host#consumer-1| [thrd:sasl_ssl://b1-pkc-ldvr1.asia-southeast1.gcp.confluent.cloud:909]: sasl_ssl://b1-pkc-ldvr1.asia-southeast1.gcp.confluent.cloud:9092/1: Disconnected (after 590394ms in state UP, 1 identical error(s) suppressed)
%4|1732258328.808|FAIL|stock-host#consumer-1| [thrd:sasl_ssl://b5-pkc-ldvr1.asia-southeast1.gcp.confluent.cloud:909]: sasl_ssl://b5-pkc-ldvr1.asia-southeast1.gcp.confluent.cloud:9092/5: Disconnected (after 7150925ms in state UP, 1 identical error(s) suppressed)
%4|1732258938.579|FAIL|stock-host#consumer-1| [thrd:sasl_ssl://b2-pkc-ldvr1.asia-southeast1.gcp.confluent.cloud:909]: sasl_ssl://b2-pkc-ldvr1.asia-southeast1.gcp.confluent.cloud:9092/2: Disconnected (after 2987193ms in state UP, 1 identical error(s) suppressed)
%4|1732259542.169|FAIL|stock-host#consumer-1| [thrd:sasl_ssl://b2-pkc-ldvr1.asia-southeast1.gcp.confluent.cloud:909]: sasl_ssl://b2-pkc-ldvr1.asia-southeast1.gcp.confluent.cloud:9092/2: Disconnected (after 602127ms in state UP, 1 identical error(s) suppressed)
%4|1732260160.727|FAIL|stock-host#consumer-1| [thrd:sasl_ssl://b2-pkc-ldvr1.asia-southeast1.gcp.confluent.cloud:909]: sasl_ssl://b2-pkc-ldvr1.asia-southeast1.gcp.confluent.cloud:9092/2: Disconnected (after 617082ms in state UP, 1 identical error(s) suppressed)
%4|1732260767.242|FAIL|stock-host#consumer-1| [thrd:sasl_ssl://b0-pkc-ldvr1.asia-southeast1.gcp.confluent.cloud:909]: sasl_ssl://b0-pkc-ldvr1.asia-southeast1.gcp.confluent.cloud:9092/0: Disconnected (after 5930322ms in state UP, 1 identical error(s) suppressed)
%4|1732261395.199|FAIL|stock-host#consumer-1| [thrd:sasl_ssl://b5-pkc-ldvr1.asia-southeast1.gcp.confluent.cloud:909]: sasl_ssl://b5-pkc-ldvr1.asia-southeast1.gcp.confluent.cloud:9092/5: Disconnected (after 3064927ms in state UP, 1 identical error(s) suppressed)
%4|1732261935.660|FAIL|stock-host#consumer-1| [thrd:sasl_ssl://b2-pkc-ldvr1.asia-southeast1.gcp.confluent.cloud:909]: sasl_ssl://b2-pkc-ldvr1.asia-southeast1.gcp.confluent.cloud:9092/2: Disconnected (after 1773463ms in state UP, 1 identical error(s) suppressed)
%4|1732262491.674|FAIL|stock-host#consumer-1| [thrd:sasl_ssl://b2-pkc-ldvr1.asia-southeast1.gcp.confluent.cloud:909]: sasl_ssl://b2-pkc-ldvr1.asia-southeast1.gcp.confluent.cloud:9092/2: Disconnected (after 554550ms in state UP, 1 identical error(s) suppressed)
%4|1732263062.314|FAIL|stock-host#consumer-1| [thrd:sasl_ssl://b5-pkc-ldvr1.asia-southeast1.gcp.confluent.cloud:909]: sasl_ssl://b5-pkc-ldvr1.asia-southeast1.gcp.confluent.cloud:9092/5: Disconnected (after 1665669ms in state UP, 1 identical error(s) suppressed)
%4|1732263660.196|FAIL|stock-host#consumer-1| [thrd:sasl_ssl://b5-pkc-ldvr1.asia-southeast1.gcp.confluent.cloud:909]: sasl_ssl://b5-pkc-ldvr1.asia-southeast1.gcp.confluent.cloud:9092/5: Disconnected (after 595773ms in state UP, 1 identical error(s) suppressed)
%4|1732264318.042|FAIL|stock-host#consumer-1| [thrd:sasl_ssl://b5-pkc-ldvr1.asia-southeast1.gcp.confluent.cloud:909]: sasl_ssl://b5-pkc-ldvr1.asia-southeast1.gcp.confluent.cloud:9092/5: Disconnected (after 656385ms in state UP, 1 identical error(s) suppressed)
%4|1732264871.154|FAIL|stock-host#consumer-1| [thrd:sasl_ssl://b4-pkc-ldvr1.asia-southeast1.gcp.confluent.cloud:909]: sasl_ssl://b4-pkc-ldvr1.asia-southeast1.gcp.confluent.cloud:9092/4: Disconnected (after 10662503ms in state UP, 1 identical error(s) suppressed)
%4|1732265528.619|FAIL|stock-host#consumer-1| [thrd:sasl_ssl://b1-pkc-ldvr1.asia-southeast1.gcp.confluent.cloud:909]: sasl_ssl://b1-pkc-ldvr1.asia-southeast1.gcp.confluent.cloud:9092/1: Disconnected (after 7825799ms in state UP, 1 identical error(s) suppressed)
%4|1732266159.483|FAIL|stock-host#consumer-1| [thrd:sasl_ssl://b4-pkc-ldvr1.asia-southeast1.gcp.confluent.cloud:909]: sasl_ssl://b4-pkc-ldvr1.asia-southeast1.gcp.confluent.cloud:9092/4: Disconnected (after 1286882ms in state UP, 1 identical error(s) suppressed)
%4|1732266778.043|FAIL|stock-host#consumer-1| [thrd:sasl_ssl://b2-pkc-ldvr1.asia-southeast1.gcp.confluent.cloud:909]: sasl_ssl://b2-pkc-ldvr1.asia-southeast1.gcp.confluent.cloud:9092/2: Disconnected (after 4284918ms in state UP, 1 identical error(s) suppressed)
%4|1732267387.597|FAIL|stock-host#consumer-1| [thrd:sasl_ssl://b3-pkc-ldvr1.asia-southeast1.gcp.confluent.cloud:909]: sasl_ssl://b3-pkc-ldvr1.asia-southeast1.gcp.confluent.cloud:9092/3: Disconnected (after 10829471ms in state UP, 1 identical error(s) suppressed)
%4|1732268000.219|FAIL|stock-host#consumer-1| [thrd:sasl_ssl://b4-pkc-ldvr1.asia-southeast1.gcp.confluent.cloud:909]: sasl_ssl://b4-pkc-ldvr1.asia-southeast1.gcp.confluent.cloud:9092/4: Disconnected (after 1839269ms in state UP, 1 identical error(s) suppressed)
%4|1732268594.870|FAIL|stock-host#consumer-1| [thrd:sasl_ssl://b0-pkc-ldvr1.asia-southeast1.gcp.confluent.cloud:909]: sasl_ssl://b0-pkc-ldvr1.asia-southeast1.gcp.confluent.cloud:9092/0: Disconnected (after 7826162ms in state UP, 1 identical error(s) suppressed)
%4|1732269162.612|FAIL|stock-host#consumer-1| [thrd:sasl_ssl://b2-pkc-ldvr1.asia-southeast1.gcp.confluent.cloud:909]: sasl_ssl://b2-pkc-ldvr1.asia-southeast1.gcp.confluent.cloud:9092/2: Disconnected (after 2383086ms in state UP, 1 identical error(s) suppressed)
%4|1732269799.222|FAIL|stock-host#consumer-1| [thrd:sasl_ssl://b4-pkc-ldvr1.asia-southeast1.gcp.confluent.cloud:909]: sasl_ssl://b4-pkc-ldvr1.asia-southeast1.gcp.confluent.cloud:9092/4: Disconnected (after 1797516ms in state UP, 1 identical error(s) suppressed)
%4|1732270351.932|FAIL|stock-host#consumer-1| [thrd:sasl_ssl://b5-pkc-ldvr1.asia-southeast1.gcp.confluent.cloud:909]: sasl_ssl://b5-pkc-ldvr1.asia-southeast1.gcp.confluent.cloud:9092/5: Disconnected (after 6032412ms in state UP, 1 identical error(s) suppressed)
%4|1732271000.793|FAIL|stock-host#consumer-1| [thrd:sasl_ssl://b1-pkc-ldvr1.asia-southeast1.gcp.confluent.cloud:909]: sasl_ssl://b1-pkc-ldvr1.asia-southeast1.gcp.confluent.cloud:9092/1: Disconnected (after 5470723ms in state UP, 1 identical error(s) suppressed)
%4|1732271553.447|FAIL|stock-host#consumer-1| [thrd:sasl_ssl://b0-pkc-ldvr1.asia-southeast1.gcp.confluent.cloud:909]: sasl_ssl://b0-pkc-ldvr1.asia-southeast1.gcp.confluent.cloud:9092/0: Disconnected (after 2957101ms in state UP, 1 identical error(s) suppressed)
%4|1732272106.422|FAIL|stock-host#consumer-1| [thrd:sasl_ssl://b3-pkc-ldvr1.asia-southeast1.gcp.confluent.cloud:909]: sasl_ssl://b3-pkc-ldvr1.asia-southeast1.gcp.confluent.cloud:9092/3: Disconnected (after 4717297ms in state UP, 1 identical error(s) suppressed)
%4|1732272718.917|FAIL|stock-host#consumer-1| [thrd:sasl_ssl://b3-pkc-ldvr1.asia-southeast1.gcp.confluent.cloud:909]: sasl_ssl://b3-pkc-ldvr1.asia-southeast1.gcp.confluent.cloud:9092/3: Disconnected (after 611015ms in state UP, 1 identical error(s) suppressed)
%4|1732273325.381|FAIL|stock-host#consumer-1| [thrd:sasl_ssl://b2-pkc-ldvr1.asia-southeast1.gcp.confluent.cloud:909]: sasl_ssl://b2-pkc-ldvr1.asia-southeast1.gcp.confluent.cloud:9092/2: Disconnected (after 4161321ms in state UP, 1 identical error(s) suppressed)
%4|1732273947.193|FAIL|stock-host#consumer-1| [thrd:sasl_ssl://b2-pkc-ldvr1.asia-southeast1.gcp.confluent.cloud:909]: sasl_ssl://b2-pkc-ldvr1.asia-southeast1.gcp.confluent.cloud:9092/2: Disconnected (after 620357ms in state UP, 1 identical error(s) suppressed)
%4|1732274541.825|FAIL|stock-host#consumer-1| [thrd:sasl_ssl://b3-pkc-ldvr1.asia-southeast1.gcp.confluent.cloud:909]: sasl_ssl://b3-pkc-ldvr1.asia-southeast1.gcp.confluent.cloud:9092/3: Disconnected (after 1821455ms in state UP, 1 identical error(s) suppressed)
%4|1732275166.812|FAIL|stock-host#consumer-1| [thrd:sasl_ssl://b0-pkc-ldvr1.asia-southeast1.gcp.confluent.cloud:909]: sasl_ssl://b0-pkc-ldvr1.asia-southeast1.gcp.confluent.cloud:9092/0: Disconnected (after 3611904ms in state UP, 1 identical error(s) suppressed)
%4|1732275791.550|FAIL|stock-host#consumer-1| [thrd:sasl_ssl://b2-pkc-ldvr1.asia-southeast1.gcp.confluent.cloud:909]: sasl_ssl://b2-pkc-ldvr1.asia-southeast1.gcp.confluent.cloud:9092/2: Disconnected (after 1842868ms in state UP, 1 identical error(s) suppressed)
%4|1732276356.444|FAIL|stock-host#consumer-1| [thrd:sasl_ssl://b3-pkc-ldvr1.asia-southeast1.gcp.confluent.cloud:909]: sasl_ssl://b3-pkc-ldvr1.asia-southeast1.gcp.confluent.cloud:9092/3: Disconnected (after 1813142ms in state UP, 1 identical error(s) suppressed)
%6|1732276926.911|FAIL|stock-host#consumer-1| [thrd:sasl_ssl://b3-pkc-ldvr1.asia-southeast1.gcp.confluent.cloud:909]: sasl_ssl://b3-pkc-ldvr1.asia-southeast1.gcp.confluent.cloud:9092/3: Disconnected (after 568970ms in state UP, 1 identical error(s) suppressed)
%4|1732277497.858|FAIL|stock-host#consumer-1| [thrd:sasl_ssl://b3-pkc-ldvr1.asia-southeast1.gcp.confluent.cloud:909]: sasl_ssl://b3-pkc-ldvr1.asia-southeast1.gcp.confluent.cloud:9092/3: Disconnected (after 569473ms in state UP, 1 identical error(s) suppressed)
%4|1732278128.536|FAIL|stock-host#consumer-1| [thrd:sasl_ssl://b1-pkc-ldvr1.asia-southeast1.gcp.confluent.cloud:909]: sasl_ssl://b1-pkc-ldvr1.asia-southeast1.gcp.confluent.cloud:9092/1: Disconnected (after 7126298ms in state UP, 1 identical error(s) suppressed)
%4|1732278729.490|FAIL|stock-host#consumer-1| [thrd:sasl_ssl://b3-pkc-ldvr1.asia-southeast1.gcp.confluent.cloud:909]: sasl_ssl://b3-pkc-ldvr1.asia-southeast1.gcp.confluent.cloud:9092/3: Disconnected (after 1230232ms in state UP, 1 identical error(s) suppressed)
%4|1732279297.106|FAIL|stock-host#consumer-1| [thrd:sasl_ssl://b3-pkc-ldvr1.asia-southeast1.gcp.confluent.cloud:909]: sasl_ssl://b3-pkc-ldvr1.asia-southeast1.gcp.confluent.cloud:9092/3: Disconnected (after 566143ms in state UP, 1 identical error(s) suppressed)
%6|1732279942.931|FAIL|stock-host#consumer-1| [thrd:sasl_ssl://b4-pkc-ldvr1.asia-southeast1.gcp.confluent.cloud:909]: sasl_ssl://b4-pkc-ldvr1.asia-southeast1.gcp.confluent.cloud:9092/4: Disconnected (after 10142242ms in state UP, 1 identical error(s) suppressed)
%4|1732280531.933|FAIL|stock-host#consumer-1| [thrd:sasl_ssl://b3-pkc-ldvr1.asia-southeast1.gcp.confluent.cloud:909]: sasl_ssl://b3-pkc-ldvr1.asia-southeast1.gcp.confluent.cloud:9092/3: Disconnected (after 1233318ms in state UP, 1 identical error(s) suppressed)
%4|1732281168.442|FAIL|stock-host#consumer-1| [thrd:sasl_ssl://b4-pkc-ldvr1.asia-southeast1.gcp.confluent.cloud:909]: sasl_ssl://b4-pkc-ldvr1.asia-southeast1.gcp.confluent.cloud:9092/4: Disconnected (after 1224043ms in state UP, 1 identical error(s) suppressed)
%4|1732281748.776|FAIL|stock-host#consumer-1| [thrd:sasl_ssl://b4-pkc-ldvr1.asia-southeast1.gcp.confluent.cloud:909]: sasl_ssl://b4-pkc-ldvr1.asia-southeast1.gcp.confluent.cloud:9092/4: Disconnected (after 578872ms in state UP, 1 identical error(s) suppressed)
%4|1732282394.996|FAIL|stock-host#consumer-1| [thrd:sasl_ssl://b2-pkc-ldvr1.asia-southeast1.gcp.confluent.cloud:909]: sasl_ssl://b2-pkc-ldvr1.asia-southeast1.gcp.confluent.cloud:9092/2: Disconnected (after 6601996ms in state UP, 1 identical error(s) suppressed)
%4|1732282975.122|FAIL|stock-host#consumer-1| [thrd:sasl_ssl://b4-pkc-ldvr1.asia-southeast1.gcp.confluent.cloud:909]: sasl_ssl://b4-pkc-ldvr1.asia-southeast1.gcp.confluent.cloud:9092/4: Disconnected (after 1224964ms in state UP, 1 identical error(s) suppressed)
%4|1732283621.197|FAIL|stock-host#consumer-1| [thrd:sasl_ssl://b3-pkc-ldvr1.asia-southeast1.gcp.confluent.cloud:909]: sasl_ssl://b3-pkc-ldvr1.asia-southeast1.gcp.confluent.cloud:9092/3: Disconnected (after 3087790ms in state UP, 1 identical error(s) suppressed)
%4|1732284185.853|FAIL|stock-host#consumer-1| [thrd:sasl_ssl://b3-pkc-ldvr1.asia-southeast1.gcp.confluent.cloud:909]: sasl_ssl://b3-pkc-ldvr1.asia-southeast1.gcp.confluent.cloud:9092/3: Disconnected (after 563201ms in state UP, 1 identical error(s) suppressed)
%4|1732284834.525|FAIL|stock-host#consumer-1| [thrd:sasl_ssl://b2-pkc-ldvr1.asia-southeast1.gcp.confluent.cloud:909]: sasl_ssl://b2-pkc-ldvr1.asia-southeast1.gcp.confluent.cloud:9092/2: Disconnected (after 2438056ms in state UP, 1 identical error(s) suppressed)
%6|1732285486.317|FAIL|stock-host#consumer-1| [thrd:sasl_ssl://b5-pkc-ldvr1.asia-southeast1.gcp.confluent.cloud:909]: sasl_ssl://b5-pkc-ldvr1.asia-southeast1.gcp.confluent.cloud:9092/5: Disconnected (after 15132899ms in state UP, 1 identical error(s) suppressed)
%4|1732286110.963|FAIL|stock-host#consumer-1| [thrd:sasl_ssl://b1-pkc-ldvr1.asia-southeast1.gcp.confluent.cloud:909]: sasl_ssl://b1-pkc-ldvr1.asia-southeast1.gcp.confluent.cloud:9092/1: Disconnected (after 7981008ms in state UP, 1 identical error(s) suppressed)
%4|1732286667.215|FAIL|stock-host#consumer-1| [thrd:sasl_ssl://b3-pkc-ldvr1.asia-southeast1.gcp.confluent.cloud:909]: sasl_ssl://b3-pkc-ldvr1.asia-southeast1.gcp.confluent.cloud:9092/3: Disconnected (after 2479883ms in state UP, 1 identical error(s) suppressed)
%4|1732287249.914|FAIL|stock-host#consumer-1| [thrd:sasl_ssl://b5-pkc-ldvr1.asia-southeast1.gcp.confluent.cloud:909]: sasl_ssl://b5-pkc-ldvr1.asia-southeast1.gcp.confluent.cloud:9092/5: Disconnected (after 1762139ms in state UP, 1 identical error(s) suppressed)
%6|1732287871.787|FAIL|stock-host#consumer-1| [thrd:sasl_ssl://b5-pkc-ldvr1.asia-southeast1.gcp.confluent.cloud:909]: sasl_ssl://b5-pkc-ldvr1.asia-southeast1.gcp.confluent.cloud:9092/5: Disconnected (after 620409ms in state UP, 1 identical error(s) suppressed)
%4|1732288430.520|FAIL|stock-host#consumer-1| [thrd:sasl_ssl://b4-pkc-ldvr1.asia-southeast1.gcp.confluent.cloud:909]: sasl_ssl://b4-pkc-ldvr1.asia-southeast1.gcp.confluent.cloud:9092/4: Disconnected (after 5453929ms in state UP, 1 identical error(s) suppressed)
%4|1732289070.502|FAIL|stock-host#consumer-1| [thrd:sasl_ssl://b4-pkc-ldvr1.asia-southeast1.gcp.confluent.cloud:909]: sasl_ssl://b4-pkc-ldvr1.asia-southeast1.gcp.confluent.cloud:9092/4: Disconnected (after 638530ms in state UP, 1 identical error(s) suppressed)
%4|1732289722.311|FAIL|stock-host#consumer-1| [thrd:sasl_ssl://b3-pkc-ldvr1.asia-southeast1.gcp.confluent.cloud:909]: sasl_ssl://b3-pkc-ldvr1.asia-southeast1.gcp.confluent.cloud:9092/3: Disconnected (after 3053604ms in state UP, 1 identical error(s) suppressed)
%6|1732289768.418|FAIL|stock-host#consumer-1| [thrd:sasl_ssl://b0-pkc-ldvr1.asia-southeast1.gcp.confluent.cloud:909]: sasl_ssl://b0-pkc-ldvr1.asia-southeast1.gcp.confluent.cloud:9092/0: Disconnected (after 14600128ms in state UP, 1 identical error(s) suppressed)
%6|1732290329.407|FAIL|stock-host#consumer-1| [thrd:sasl_ssl://b4-pkc-ldvr1.asia-southeast1.gcp.confluent.cloud:909]: sasl_ssl://b4-pkc-ldvr1.asia-southeast1.gcp.confluent.cloud:9092/4: Disconnected (after 1257423ms in state UP, 1 identical error(s) suppressed)
%6|1732290769.557|FAIL|stock-host#consumer-1| [thrd:sasl_ssl://b1-pkc-ldvr1.asia-southeast1.gcp.confluent.cloud:909]: sasl_ssl://b1-pkc-ldvr1.asia-southeast1.gcp.confluent.cloud:9092/1: Disconnected (after 4657138ms in state UP, 1 identical error(s) suppressed)
%6|1732293471.695|FAIL|stock-host#consumer-1| [thrd:sasl_ssl://b5-pkc-ldvr1.asia-southeast1.gcp.confluent.cloud:909]: sasl_ssl://b5-pkc-ldvr1.asia-southeast1.gcp.confluent.cloud:9092/5: Disconnected (after 5598448ms in state UP, 1 identical error(s) suppressed)
%6|1732635743.358|FAIL|stock-host#consumer-1| [thrd:sasl_ssl://b0-pkc-ldvr1.asia-southeast1.gcp.confluent.cloud:909]: sasl_ssl://b0-pkc-ldvr1.asia-southeast1.gcp.confluent.cloud:9092/0: Disconnected (after 345599383ms in state UP, 1 identical error(s) suppressed)
%6|1732636165.725|FAIL|stock-host#consumer-1| [thrd:sasl_ssl://b3-pkc-ldvr1.asia-southeast1.gcp.confluent.cloud:909]: sasl_ssl://b3-pkc-ldvr1.asia-southeast1.gcp.confluent.cloud:9092/3: Disconnected (after 345599108ms in state UP, 1 identical error(s) suppressed)
%6|1732636806.113|FAIL|stock-host#consumer-1| [thrd:sasl_ssl://b1-pkc-ldvr1.asia-southeast1.gcp.confluent.cloud:909]: sasl_ssl://b1-pkc-ldvr1.asia-southeast1.gcp.confluent.cloud:9092/1: Disconnected (after 345599493ms in state UP, 1 identical error(s) suppressed)
%6|1732638193.158|FAIL|stock-host#consumer-1| [thrd:GroupCoordinator]: GroupCoordinator: b4-pkc-ldvr1.asia-southeast1.gcp.confluent.cloud:9092: Disconnected (after 345600280ms in state UP)
%6|1732638262.828|FAIL|stock-host#consumer-1| [thrd:sasl_ssl://b4-pkc-ldvr1.asia-southeast1.gcp.confluent.cloud:909]: sasl_ssl://b4-pkc-ldvr1.asia-southeast1.gcp.confluent.cloud:9092/4: Disconnected (after 345599233ms in state UP, 1 identical error(s) suppressed)
%6|1732638786.066|FAIL|stock-host#consumer-1| [thrd:sasl_ssl://b2-pkc-ldvr1.asia-southeast1.gcp.confluent.cloud:909]: sasl_ssl://b2-pkc-ldvr1.asia-southeast1.gcp.confluent.cloud:9092/2: Disconnected (after 345599044ms in state UP, 1 identical error(s) suppressed)
%6|1732639479.691|FAIL|stock-host#consumer-1| [thrd:sasl_ssl://b5-pkc-ldvr1.asia-southeast1.gcp.confluent.cloud:909]: sasl_ssl://b5-pkc-ldvr1.asia-southeast1.gcp.confluent.cloud:9092/5: Disconnected (after 345599414ms in state UP, 1 identical error(s) suppressed)
%6|1732981344.095|FAIL|stock-host#consumer-1| [thrd:sasl_ssl://b0-pkc-ldvr1.asia-southeast1.gcp.confluent.cloud:909]: sasl_ssl://b0-pkc-ldvr1.asia-southeast1.gcp.confluent.cloud:9092/0: Disconnected (after 345599242ms in state UP, 1 identical error(s) suppressed)
%6|1732981766.189|FAIL|stock-host#consumer-1| [thrd:sasl_ssl://b3-pkc-ldvr1.asia-southeast1.gcp.confluent.cloud:909]: sasl_ssl://b3-pkc-ldvr1.asia-southeast1.gcp.confluent.cloud:9092/3: Disconnected (after 345598997ms in state UP, 1 identical error(s) suppressed)
%6|1732982406.871|FAIL|stock-host#consumer-1| [thrd:sasl_ssl://b1-pkc-ldvr1.asia-southeast1.gcp.confluent.cloud:909]: sasl_ssl://b1-pkc-ldvr1.asia-southeast1.gcp.confluent.cloud:9092/1: Disconnected (after 345599281ms in state UP, 1 identical error(s) suppressed)
%6|1732983793.626|FAIL|stock-host#consumer-1| [thrd:GroupCoordinator]: GroupCoordinator: b4-pkc-ldvr1.asia-southeast1.gcp.confluent.cloud:9092: Disconnected (after 345598990ms in state UP, 1 identical error(s) suppressed)
%6|1732983863.574|FAIL|stock-host#consumer-1| [thrd:sasl_ssl://b4-pkc-ldvr1.asia-southeast1.gcp.confluent.cloud:909]: sasl_ssl://b4-pkc-ldvr1.asia-southeast1.gcp.confluent.cloud:9092/4: Disconnected (after 345599248ms in state UP, 1 identical error(s) suppressed)
%6|1732984386.994|FAIL|stock-host#consumer-1| [thrd:sasl_ssl://b2-pkc-ldvr1.asia-southeast1.gcp.confluent.cloud:909]: sasl_ssl://b2-pkc-ldvr1.asia-southeast1.gcp.confluent.cloud:9092/2: Disconnected (after 345599430ms in state UP, 1 identical error(s) suppressed)
%6|1732985080.501|FAIL|stock-host#consumer-1| [thrd:sasl_ssl://b5-pkc-ldvr1.asia-southeast1.gcp.confluent.cloud:909]: sasl_ssl://b5-pkc-ldvr1.asia-southeast1.gcp.confluent.cloud:9092/5: Disconnected (after 345599323ms in state UP, 1 identical error(s) suppressed)
%6|1733326945.050|FAIL|stock-host#consumer-1| [thrd:sasl_ssl://b0-pkc-ldvr1.asia-southeast1.gcp.confluent.cloud:909]: sasl_ssl://b0-pkc-ldvr1.asia-southeast1.gcp.confluent.cloud:9092/0: Disconnected (after 345599517ms in state UP, 1 identical error(s) suppressed)
%6|1733327366.658|FAIL|stock-host#consumer-1| [thrd:sasl_ssl://b3-pkc-ldvr1.asia-southeast1.gcp.confluent.cloud:909]: sasl_ssl://b3-pkc-ldvr1.asia-southeast1.gcp.confluent.cloud:9092/3: Disconnected (after 345598991ms in state UP, 1 identical error(s) suppressed)
%6|1733328007.706|FAIL|stock-host#consumer-1| [thrd:sasl_ssl://b1-pkc-ldvr1.asia-southeast1.gcp.confluent.cloud:909]: sasl_ssl://b1-pkc-ldvr1.asia-southeast1.gcp.confluent.cloud:9092/1: Disconnected (after 345599382ms in state UP, 1 identical error(s) suppressed)
%6|1733329394.089|FAIL|stock-host#consumer-1| [thrd:GroupCoordinator]: GroupCoordinator: b4-pkc-ldvr1.asia-southeast1.gcp.confluent.cloud:9092: Disconnected (after 345599007ms in state UP, 1 identical error(s) suppressed)
%6|1733329464.342|FAIL|stock-host#consumer-1| [thrd:sasl_ssl://b4-pkc-ldvr1.asia-southeast1.gcp.confluent.cloud:909]: sasl_ssl://b4-pkc-ldvr1.asia-southeast1.gcp.confluent.cloud:9092/4: Disconnected (after 345599395ms in state UP, 1 identical error(s) suppressed)
%6|1733329987.460|FAIL|stock-host#consumer-1| [thrd:sasl_ssl://b2-pkc-ldvr1.asia-southeast1.gcp.confluent.cloud:909]: sasl_ssl://b2-pkc-ldvr1.asia-southeast1.gcp.confluent.cloud:9092/2: Disconnected (after 345598991ms in state UP, 1 identical error(s) suppressed)
%6|1733330680.961|FAIL|stock-host#consumer-1| [thrd:sasl_ssl://b5-pkc-ldvr1.asia-southeast1.gcp.confluent.cloud:909]: sasl_ssl://b5-pkc-ldvr1.asia-southeast1.gcp.confluent.cloud:9092/5: Disconnected (after 345599005ms in state UP, 1 identical error(s) suppressed)
%5|1733485961.529|REQTMOUT|stock-host#consumer-1| [thrd:sasl_ssl://b4-pkc-ldvr1.asia-southeast1.gcp.confluent.cloud:909]: sasl_ssl://b4-pkc-ldvr1.asia-southeast1.gcp.confluent.cloud:9092/4: Timed out FetchRequest in flight (after 60977ms, timeout #0)
%4|1733485961.529|REQTMOUT|stock-host#consumer-1| [thrd:sasl_ssl://b4-pkc-ldvr1.asia-southeast1.gcp.confluent.cloud:909]: sasl_ssl://b4-pkc-ldvr1.asia-southeast1.gcp.confluent.cloud:9092/4: Timed out 1 in-flight, 0 retry-queued, 0 out-queue, 0 partially-sent requests
%3|1733485961.533|FAIL|stock-host#consumer-1| [thrd:sasl_ssl://b4-pkc-ldvr1.asia-southeast1.gcp.confluent.cloud:909]: sasl_ssl://b4-pkc-ldvr1.asia-southeast1.gcp.confluent.cloud:9092/4: 1 request(s) timed out: disconnect (average rtt 694.053ms) (after 156495816ms in state UP)
%4|1733658088.425|SESSTMOUT|stock-host#consumer-1| [thrd:main]: Consumer group session timed out (in join-state steady) after 45303 ms without a successful response from the group coordinator (broker 4, last error was Success): revoking assignment and rejoining group
%5|1733658091.434|REQTMOUT|stock-host#consumer-1| [thrd:GroupCoordinator]: GroupCoordinator/4: Timed out HeartbeatRequest in flight (after 45539ms, timeout #0)
%4|1733658091.434|REQTMOUT|stock-host#consumer-1| [thrd:GroupCoordinator]: GroupCoordinator/4: Timed out 1 in-flight, 0 retry-queued, 0 out-queue, 0 partially-sent requests
%3|1733658091.436|FAIL|stock-host#consumer-1| [thrd:GroupCoordinator]: GroupCoordinator: b4-pkc-ldvr1.asia-southeast1.gcp.confluent.cloud:9092: 1 request(s) timed out: disconnect (average rtt 231.101ms) (after 328695865ms in state UP)
%6|1733672545.523|FAIL|stock-host#consumer-1| [thrd:sasl_ssl://b0-pkc-ldvr1.asia-southeast1.gcp.confluent.cloud:909]: sasl_ssl://b0-pkc-ldvr1.asia-southeast1.gcp.confluent.cloud:9092/0: Disconnected (after 345598976ms in state UP, 1 identical error(s) suppressed)
%6|1733672967.144|FAIL|stock-host#consumer-1| [thrd:sasl_ssl://b3-pkc-ldvr1.asia-southeast1.gcp.confluent.cloud:909]: sasl_ssl://b3-pkc-ldvr1.asia-southeast1.gcp.confluent.cloud:9092/3: Disconnected (after 345599028ms in state UP, 1 identical error(s) suppressed)
%6|1733673608.172|FAIL|stock-host#consumer-1| [thrd:sasl_ssl://b1-pkc-ldvr1.asia-southeast1.gcp.confluent.cloud:909]: sasl_ssl://b1-pkc-ldvr1.asia-southeast1.gcp.confluent.cloud:9092/1: Disconnected (after 345598998ms in state UP, 1 identical error(s) suppressed)
%6|1733675587.923|FAIL|stock-host#consumer-1| [thrd:sasl_ssl://b2-pkc-ldvr1.asia-southeast1.gcp.confluent.cloud:909]: sasl_ssl://b2-pkc-ldvr1.asia-southeast1.gcp.confluent.cloud:9092/2: Disconnected (after 345599014ms in state UP, 1 identical error(s) suppressed)
%6|1733676281.629|FAIL|stock-host#consumer-1| [thrd:sasl_ssl://b5-pkc-ldvr1.asia-southeast1.gcp.confluent.cloud:909]: sasl_ssl://b5-pkc-ldvr1.asia-southeast1.gcp.confluent.cloud:9092/5: Disconnected (after 345599217ms in state UP, 1 identical error(s) suppressed)
%6|1733759580.766|FAIL|stock-host#consumer-1| [thrd:sasl_ssl://b0-pkc-ldvr1.asia-southeast1.gcp.confluent.cloud:909]: sasl_ssl://b0-pkc-ldvr1.asia-southeast1.gcp.confluent.cloud:9092/0: Disconnected (after 87033781ms in state UP, 1 identical error(s) suppressed)
%6|1733760019.437|FAIL|stock-host#consumer-1| [thrd:sasl_ssl://b1-pkc-ldvr1.asia-southeast1.gcp.confluent.cloud:909]: sasl_ssl://b1-pkc-ldvr1.asia-southeast1.gcp.confluent.cloud:9092/1: Disconnected (after 86409816ms in state UP, 1 identical error(s) suppressed)
%6|1733760491.677|FAIL|stock-host#consumer-1| [thrd:sasl_ssl://b2-pkc-ldvr1.asia-southeast1.gcp.confluent.cloud:909]: sasl_ssl://b2-pkc-ldvr1.asia-southeast1.gcp.confluent.cloud:9092/2: Disconnected (after 84902294ms in state UP, 1 identical error(s) suppressed)
%6|1733760948.684|FAIL|stock-host#consumer-1| [thrd:sasl_ssl://b3-pkc-ldvr1.asia-southeast1.gcp.confluent.cloud:909]: sasl_ssl://b3-pkc-ldvr1.asia-southeast1.gcp.confluent.cloud:9092/3: Disconnected (after 87980048ms in state UP, 1 identical error(s) suppressed)
%6|1733761385.053|FAIL|stock-host#consumer-1| [thrd:sasl_ssl://b4-pkc-ldvr1.asia-southeast1.gcp.confluent.cloud:909]: sasl_ssl://b4-pkc-ldvr1.asia-southeast1.gcp.confluent.cloud:9092/4: Disconnected (after 275422014ms in state UP)
%6|1733761849.990|FAIL|stock-host#consumer-1| [thrd:sasl_ssl://b5-pkc-ldvr1.asia-southeast1.gcp.confluent.cloud:909]: sasl_ssl://b5-pkc-ldvr1.asia-southeast1.gcp.confluent.cloud:9092/5: Disconnected (after 85566892ms in state UP, 1 identical error(s) suppressed)
%5|1733777514.947|REQTMOUT|stock-host#consumer-1| [thrd:sasl_ssl://b1-pkc-ldvr1.asia-southeast1.gcp.confluent.cloud:909]: sasl_ssl://b1-pkc-ldvr1.asia-southeast1.gcp.confluent.cloud:9092/1: Timed out FetchRequest in flight (after 60744ms, timeout #0)
%4|1733777514.948|REQTMOUT|stock-host#consumer-1| [thrd:sasl_ssl://b1-pkc-ldvr1.asia-southeast1.gcp.confluent.cloud:909]: sasl_ssl://b1-pkc-ldvr1.asia-southeast1.gcp.confluent.cloud:9092/1: Timed out 1 in-flight, 0 retry-queued, 0 out-queue, 0 partially-sent requests
%3|1733777514.949|FAIL|stock-host#consumer-1| [thrd:sasl_ssl://b1-pkc-ldvr1.asia-southeast1.gcp.confluent.cloud:909]: sasl_ssl://b1-pkc-ldvr1.asia-southeast1.gcp.confluent.cloud:9092/1: 1 request(s) timed out: disconnect (average rtt 702.491ms) (after 17051866ms in state UP)
%6|1734105554.816|FAIL|stock-host#consumer-1| [thrd:sasl_ssl://b0-pkc-ldvr1.asia-southeast1.gcp.confluent.cloud:909]: sasl_ssl://b0-pkc-ldvr1.asia-southeast1.gcp.confluent.cloud:9092/0: Disconnected (after 345599323ms in state UP, 1 identical error(s) suppressed)
%6|1734106420.621|FAIL|stock-host#consumer-1| [thrd:sasl_ssl://b2-pkc-ldvr1.asia-southeast1.gcp.confluent.cloud:909]: sasl_ssl://b2-pkc-ldvr1.asia-southeast1.gcp.confluent.cloud:9092/2: Disconnected (after 345599231ms in state UP, 1 identical error(s) suppressed)
%6|1734106902.450|FAIL|stock-host#consumer-1| [thrd:sasl_ssl://b3-pkc-ldvr1.asia-southeast1.gcp.confluent.cloud:909]: sasl_ssl://b3-pkc-ldvr1.asia-southeast1.gcp.confluent.cloud:9092/3: Disconnected (after 345599169ms in state UP, 1 identical error(s) suppressed)
%6|1734107327.639|FAIL|stock-host#consumer-1| [thrd:GroupCoordinator]: GroupCoordinator: b4-pkc-ldvr1.asia-southeast1.gcp.confluent.cloud:9092: Disconnected (after 345599016ms in state UP)
%6|1734107401.406|FAIL|stock-host#consumer-1| [thrd:sasl_ssl://b4-pkc-ldvr1.asia-southeast1.gcp.confluent.cloud:909]: sasl_ssl://b4-pkc-ldvr1.asia-southeast1.gcp.confluent.cloud:9092/4: Disconnected (after 345599540ms in state UP, 1 identical error(s) suppressed)
%6|1734107861.885|FAIL|stock-host#consumer-1| [thrd:sasl_ssl://b5-pkc-ldvr1.asia-southeast1.gcp.confluent.cloud:909]: sasl_ssl://b5-pkc-ldvr1.asia-southeast1.gcp.confluent.cloud:9092/5: Disconnected (after 345599015ms in state UP, 1 identical error(s) suppressed)
%6|1734123115.413|FAIL|stock-host#consumer-1| [thrd:sasl_ssl://b1-pkc-ldvr1.asia-southeast1.gcp.confluent.cloud:909]: sasl_ssl://b1-pkc-ldvr1.asia-southeast1.gcp.confluent.cloud:9092/1: Disconnected (after 345599000ms in state UP)
%6|1734369023.995|FAIL|stock-host#consumer-1| [thrd:sasl_ssl://b0-pkc-ldvr1.asia-southeast1.gcp.confluent.cloud:909]: sasl_ssl://b0-pkc-ldvr1.asia-southeast1.gcp.confluent.cloud:9092/0: Disconnected (after 179344937ms in state UP, 1 identical error(s) suppressed)
%6|1734369480.726|FAIL|stock-host#consumer-1| [thrd:sasl_ssl://b1-pkc-ldvr1.asia-southeast1.gcp.confluent.cloud:909]: sasl_ssl://b1-pkc-ldvr1.asia-southeast1.gcp.confluent.cloud:9092/1: Disconnected (after 179801674ms in state UP, 1 identical error(s) suppressed)
%6|1734369953.716|FAIL|stock-host#consumer-1| [thrd:sasl_ssl://b2-pkc-ldvr1.asia-southeast1.gcp.confluent.cloud:909]: sasl_ssl://b2-pkc-ldvr1.asia-southeast1.gcp.confluent.cloud:9092/2: Disconnected (after 263531653ms in state UP, 1 identical error(s) suppressed)
%6|1734370403.651|FAIL|stock-host#consumer-1| [thrd:sasl_ssl://b3-pkc-ldvr1.asia-southeast1.gcp.confluent.cloud:909]: sasl_ssl://b3-pkc-ldvr1.asia-southeast1.gcp.confluent.cloud:9092/3: Disconnected (after 263499734ms in state UP, 1 identical error(s) suppressed)
%6|1734370854.782|FAIL|stock-host#consumer-1| [thrd:sasl_ssl://b4-pkc-ldvr1.asia-southeast1.gcp.confluent.cloud:909]: sasl_ssl://b4-pkc-ldvr1.asia-southeast1.gcp.confluent.cloud:9092/4: Disconnected (after 263451900ms in state UP, 1 identical error(s) suppressed)
%6|1734371318.740|FAIL|stock-host#consumer-1| [thrd:sasl_ssl://b5-pkc-ldvr1.asia-southeast1.gcp.confluent.cloud:909]: sasl_ssl://b5-pkc-ldvr1.asia-southeast1.gcp.confluent.cloud:9092/5: Disconnected (after 263455366ms in state UP, 1 identical error(s) suppressed)
%6|1734714998.299|FAIL|stock-host#consumer-1| [thrd:sasl_ssl://b0-pkc-ldvr1.asia-southeast1.gcp.confluent.cloud:909]: sasl_ssl://b0-pkc-ldvr1.asia-southeast1.gcp.confluent.cloud:9092/0: Disconnected (after 345599488ms in state UP, 1 identical error(s) suppressed)
%6|1734715521.972|FAIL|stock-host#consumer-1| [thrd:sasl_ssl://b1-pkc-ldvr1.asia-southeast1.gcp.confluent.cloud:909]: sasl_ssl://b1-pkc-ldvr1.asia-southeast1.gcp.confluent.cloud:9092/1: Disconnected (after 345599215ms in state UP, 1 identical error(s) suppressed)
%6|1734715883.649|FAIL|stock-host#consumer-1| [thrd:sasl_ssl://b2-pkc-ldvr1.asia-southeast1.gcp.confluent.cloud:909]: sasl_ssl://b2-pkc-ldvr1.asia-southeast1.gcp.confluent.cloud:9092/2: Disconnected (after 345599273ms in state UP, 1 identical error(s) suppressed)
%6|1734716356.715|FAIL|stock-host#consumer-1| [thrd:sasl_ssl://b3-pkc-ldvr1.asia-southeast1.gcp.confluent.cloud:909]: sasl_ssl://b3-pkc-ldvr1.asia-southeast1.gcp.confluent.cloud:9092/3: Disconnected (after 345599411ms in state UP, 1 identical error(s) suppressed)
%6|1734716802.139|FAIL|stock-host#consumer-1| [thrd:GroupCoordinator]: GroupCoordinator: b4-pkc-ldvr1.asia-southeast1.gcp.confluent.cloud:9092: Disconnected (after 345599007ms in state UP)
%6|1734716871.617|FAIL|stock-host#consumer-1| [thrd:sasl_ssl://b4-pkc-ldvr1.asia-southeast1.gcp.confluent.cloud:909]: sasl_ssl://b4-pkc-ldvr1.asia-southeast1.gcp.confluent.cloud:9092/4: Disconnected (after 345599013ms in state UP, 1 identical error(s) suppressed)
%6|1734717333.193|FAIL|stock-host#consumer-1| [thrd:sasl_ssl://b5-pkc-ldvr1.asia-southeast1.gcp.confluent.cloud:909]: sasl_ssl://b5-pkc-ldvr1.asia-southeast1.gcp.confluent.cloud:9092/5: Disconnected (after 345599324ms in state UP, 1 identical error(s) suppressed)
%6|1735060598.883|FAIL|stock-host#consumer-1| [thrd:sasl_ssl://b0-pkc-ldvr1.asia-southeast1.gcp.confluent.cloud:909]: sasl_ssl://b0-pkc-ldvr1.asia-southeast1.gcp.confluent.cloud:9092/0: Disconnected (after 345599114ms in state UP, 1 identical error(s) suppressed)
%6|1735061122.441|FAIL|stock-host#consumer-1| [thrd:sasl_ssl://b1-pkc-ldvr1.asia-southeast1.gcp.confluent.cloud:909]: sasl_ssl://b1-pkc-ldvr1.asia-southeast1.gcp.confluent.cloud:9092/1: Disconnected (after 345598994ms in state UP, 1 identical error(s) suppressed)
%6|1735061484.121|FAIL|stock-host#consumer-1| [thrd:sasl_ssl://b2-pkc-ldvr1.asia-southeast1.gcp.confluent.cloud:909]: sasl_ssl://b2-pkc-ldvr1.asia-southeast1.gcp.confluent.cloud:9092/2: Disconnected (after 345598987ms in state UP, 1 identical error(s) suppressed)
%6|1735061957.186|FAIL|stock-host#consumer-1| [thrd:sasl_ssl://b3-pkc-ldvr1.asia-southeast1.gcp.confluent.cloud:909]: sasl_ssl://b3-pkc-ldvr1.asia-southeast1.gcp.confluent.cloud:9092/3: Disconnected (after 345598986ms in state UP, 1 identical error(s) suppressed)
%6|1735062402.605|FAIL|stock-host#consumer-1| [thrd:GroupCoordinator]: GroupCoordinator: b4-pkc-ldvr1.asia-southeast1.gcp.confluent.cloud:9092: Disconnected (after 345598992ms in state UP, 1 identical error(s) suppressed)
%6|1735062472.155|FAIL|stock-host#consumer-1| [thrd:sasl_ssl://b4-pkc-ldvr1.asia-southeast1.gcp.confluent.cloud:909]: sasl_ssl://b4-pkc-ldvr1.asia-southeast1.gcp.confluent.cloud:9092/4: Disconnected (after 345599089ms in state UP, 1 identical error(s) suppressed)
%6|1735062933.658|FAIL|stock-host#consumer-1| [thrd:sasl_ssl://b5-pkc-ldvr1.asia-southeast1.gcp.confluent.cloud:909]: sasl_ssl://b5-pkc-ldvr1.asia-southeast1.gcp.confluent.cloud:9092/5: Disconnected (after 345599009ms in state UP, 1 identical error(s) suppressed)
%6|1735406199.811|FAIL|stock-host#consumer-1| [thrd:sasl_ssl://b0-pkc-ldvr1.asia-southeast1.gcp.confluent.cloud:909]: sasl_ssl://b0-pkc-ldvr1.asia-southeast1.gcp.confluent.cloud:9092/0: Disconnected (after 345599433ms in state UP, 1 identical error(s) suppressed)
%6|1735406722.931|FAIL|stock-host#consumer-1| [thrd:sasl_ssl://b1-pkc-ldvr1.asia-southeast1.gcp.confluent.cloud:909]: sasl_ssl://b1-pkc-ldvr1.asia-southeast1.gcp.confluent.cloud:9092/1: Disconnected (after 345599017ms in state UP, 1 identical error(s) suppressed)
%6|1735407084.579|FAIL|stock-host#consumer-1| [thrd:sasl_ssl://b2-pkc-ldvr1.asia-southeast1.gcp.confluent.cloud:909]: sasl_ssl://b2-pkc-ldvr1.asia-southeast1.gcp.confluent.cloud:9092/2: Disconnected (after 345599018ms in state UP, 1 identical error(s) suppressed)
%6|1735407557.904|FAIL|stock-host#consumer-1| [thrd:sasl_ssl://b3-pkc-ldvr1.asia-southeast1.gcp.confluent.cloud:909]: sasl_ssl://b3-pkc-ldvr1.asia-southeast1.gcp.confluent.cloud:9092/3: Disconnected (after 345599162ms in state UP, 1 identical error(s) suppressed)
%6|1735408003.078|FAIL|stock-host#consumer-1| [thrd:GroupCoordinator]: GroupCoordinator: b4-pkc-ldvr1.asia-southeast1.gcp.confluent.cloud:9092: Disconnected (after 345598993ms in state UP, 1 identical error(s) suppressed)
%6|1735408072.626|FAIL|stock-host#consumer-1| [thrd:sasl_ssl://b4-pkc-ldvr1.asia-southeast1.gcp.confluent.cloud:909]: sasl_ssl://b4-pkc-ldvr1.asia-southeast1.gcp.confluent.cloud:9092/4: Disconnected (after 345599007ms in state UP, 1 identical error(s) suppressed)
%6|1735408534.502|FAIL|stock-host#consumer-1| [thrd:sasl_ssl://b5-pkc-ldvr1.asia-southeast1.gcp.confluent.cloud:909]: sasl_ssl://b5-pkc-ldvr1.asia-southeast1.gcp.confluent.cloud:9092/5: Disconnected (after 345599405ms in state UP, 1 identical error(s) suppressed)
%6|1735751800.279|FAIL|stock-host#consumer-1| [thrd:sasl_ssl://b0-pkc-ldvr1.asia-southeast1.gcp.confluent.cloud:909]: sasl_ssl://b0-pkc-ldvr1.asia-southeast1.gcp.confluent.cloud:9092/0: Disconnected (after 345599004ms in state UP, 1 identical error(s) suppressed)
%6|1735752323.707|FAIL|stock-host#consumer-1| [thrd:sasl_ssl://b1-pkc-ldvr1.asia-southeast1.gcp.confluent.cloud:909]: sasl_ssl://b1-pkc-ldvr1.asia-southeast1.gcp.confluent.cloud:9092/1: Disconnected (after 345599324ms in state UP, 1 identical error(s) suppressed)
%6|1735752685.469|FAIL|stock-host#consumer-1| [thrd:sasl_ssl://b2-pkc-ldvr1.asia-southeast1.gcp.confluent.cloud:909]: sasl_ssl://b2-pkc-ldvr1.asia-southeast1.gcp.confluent.cloud:9092/2: Disconnected (after 345599430ms in state UP, 1 identical error(s) suppressed)
%6|1735753158.370|FAIL|stock-host#consumer-1| [thrd:sasl_ssl://b3-pkc-ldvr1.asia-southeast1.gcp.confluent.cloud:909]: sasl_ssl://b3-pkc-ldvr1.asia-southeast1.gcp.confluent.cloud:9092/3: Disconnected (after 345599007ms in state UP, 1 identical error(s) suppressed)
%6|1735753604.808|FAIL|stock-host#consumer-1| [thrd:GroupCoordinator]: GroupCoordinator: b4-pkc-ldvr1.asia-southeast1.gcp.confluent.cloud:9092: Disconnected (after 345600236ms in state UP, 1 identical error(s) suppressed)
%6|1735753673.101|FAIL|stock-host#consumer-1| [thrd:sasl_ssl://b4-pkc-ldvr1.asia-southeast1.gcp.confluent.cloud:909]: sasl_ssl://b4-pkc-ldvr1.asia-southeast1.gcp.confluent.cloud:9092/4: Disconnected (after 345599071ms in state UP, 1 identical error(s) suppressed)
%6|1735754134.967|FAIL|stock-host#consumer-1| [thrd:sasl_ssl://b5-pkc-ldvr1.asia-southeast1.gcp.confluent.cloud:909]: sasl_ssl://b5-pkc-ldvr1.asia-southeast1.gcp.confluent.cloud:9092/5: Disconnected (after 345599009ms in state UP, 1 identical error(s) suppressed)
%6|1736097400.744|FAIL|stock-host#consumer-1| [thrd:sasl_ssl://b0-pkc-ldvr1.asia-southeast1.gcp.confluent.cloud:909]: sasl_ssl://b0-pkc-ldvr1.asia-southeast1.gcp.confluent.cloud:9092/0: Disconnected (after 345599000ms in state UP, 1 identical error(s) suppressed)
%6|1736097924.177|FAIL|stock-host#consumer-1| [thrd:sasl_ssl://b1-pkc-ldvr1.asia-southeast1.gcp.confluent.cloud:909]: sasl_ssl://b1-pkc-ldvr1.asia-southeast1.gcp.confluent.cloud:9092/1: Disconnected (after 345598998ms in state UP, 1 identical error(s) suppressed)
%6|1736098286.081|FAIL|stock-host#consumer-1| [thrd:sasl_ssl://b2-pkc-ldvr1.asia-southeast1.gcp.confluent.cloud:909]: sasl_ssl://b2-pkc-ldvr1.asia-southeast1.gcp.confluent.cloud:9092/2: Disconnected (after 345599155ms in state UP, 1 identical error(s) suppressed)
%6|1736098758.837|FAIL|stock-host#consumer-1| [thrd:sasl_ssl://b3-pkc-ldvr1.asia-southeast1.gcp.confluent.cloud:909]: sasl_ssl://b3-pkc-ldvr1.asia-southeast1.gcp.confluent.cloud:9092/3: Disconnected (after 345598998ms in state UP, 1 identical error(s) suppressed)
%6|1736099205.282|FAIL|stock-host#consumer-1| [thrd:GroupCoordinator]: GroupCoordinator: b4-pkc-ldvr1.asia-southeast1.gcp.confluent.cloud:9092: Disconnected (after 345599001ms in state UP, 1 identical error(s) suppressed)
%6|1736099273.836|FAIL|stock-host#consumer-1| [thrd:sasl_ssl://b4-pkc-ldvr1.asia-southeast1.gcp.confluent.cloud:909]: sasl_ssl://b4-pkc-ldvr1.asia-southeast1.gcp.confluent.cloud:9092/4: Disconnected (after 345599268ms in state UP, 1 identical error(s) suppressed)
%6|1736099735.423|FAIL|stock-host#consumer-1| [thrd:sasl_ssl://b5-pkc-ldvr1.asia-southeast1.gcp.confluent.cloud:909]: sasl_ssl://b5-pkc-ldvr1.asia-southeast1.gcp.confluent.cloud:9092/5: Disconnected (after 345599020ms in state UP, 1 identical error(s) suppressed)
